Determining if the pthread_create exist failed with the following output:
Change Dir: /home/shehab/catkin_ws/build/CMakeFiles/CMakeTmp

Run Build Command:"/usr/bin/make" "cmTC_bdf93/fast"
/usr/bin/make -f CMakeFiles/cmTC_bdf93.dir/build.make CMakeFiles/cmTC_bdf93.dir/build
make[1]: Entering directory '/home/shehab/catkin_ws/build/CMakeFiles/CMakeTmp'
Building C object CMakeFiles/cmTC_bdf93.dir/CheckSymbolExists.c.o
/usr/bin/cc    -o CMakeFiles/cmTC_bdf93.dir/CheckSymbolExists.c.o   -c /home/shehab/catkin_ws/build/CMakeFiles/CMakeTmp/CheckSymbolExists.c
Linking C executable cmTC_bdf93
/usr/bin/cmake -E cmake_link_script CMakeFiles/cmTC_bdf93.dir/link.txt --verbose=1
/usr/bin/cc      -rdynamic CMakeFiles/cmTC_bdf93.dir/CheckSymbolExists.c.o  -o cmTC_bdf93 
CMakeFiles/cmTC_bdf93.dir/CheckSymbolExists.c.o: In function `main':
CheckSymbolExists.c:(.text+0x1b): undefined reference to `pthread_create'
collect2: error: ld returned 1 exit status
CMakeFiles/cmTC_bdf93.dir/build.make:97: recipe for target 'cmTC_bdf93' failed
make[1]: *** [cmTC_bdf93] Error 1
make[1]: Leaving directory '/home/shehab/catkin_ws/build/CMakeFiles/CMakeTmp'
Makefile:126: recipe for target 'cmTC_bdf93/fast' failed
make: *** [cmTC_bdf93/fast] Error 2

File /home/shehab/catkin_ws/build/CMakeFiles/CMakeTmp/CheckSymbolExists.c:
/* */
#include <pthread.h>

int main(int argc, char** argv)
{
  (void)argv;
#ifndef pthread_create
  return ((int*)(&pthread_create))[argc];
#else
  (void)argc;
  return 0;
#endif
}

Determining if the function pthread_create exists in the pthreads failed with the following output:
Change Dir: /home/shehab/catkin_ws/build/CMakeFiles/CMakeTmp

Run Build Command:"/usr/bin/make" "cmTC_91cfd/fast"
/usr/bin/make -f CMakeFiles/cmTC_91cfd.dir/build.make CMakeFiles/cmTC_91cfd.dir/build
make[1]: Entering directory '/home/shehab/catkin_ws/build/CMakeFiles/CMakeTmp'
Building C object CMakeFiles/cmTC_91cfd.dir/CheckFunctionExists.c.o
/usr/bin/cc   -DCHECK_FUNCTION_EXISTS=pthread_create   -o CMakeFiles/cmTC_91cfd.dir/CheckFunctionExists.c.o   -c /usr/share/cmake-3.10/Modules/CheckFunctionExists.c
Linking C executable cmTC_91cfd
/usr/bin/cmake -E cmake_link_script CMakeFiles/cmTC_91cfd.dir/link.txt --verbose=1
/usr/bin/cc  -DCHECK_FUNCTION_EXISTS=pthread_create    -rdynamic CMakeFiles/cmTC_91cfd.dir/CheckFunctionExists.c.o  -o cmTC_91cfd -lpthreads 
/usr/bin/ld: cannot find -lpthreads
collect2: error: ld returned 1 exit status
CMakeFiles/cmTC_91cfd.dir/build.make:97: recipe for target 'cmTC_91cfd' failed
make[1]: *** [cmTC_91cfd] Error 1
make[1]: Leaving directory '/home/shehab/catkin_ws/build/CMakeFiles/CMakeTmp'
Makefile:126: recipe for target 'cmTC_91cfd/fast' failed
make: *** [cmTC_91cfd/fast] Error 2


